<?xml version="1.0" encoding="UTF-8"?>
<testsuite xmlns:xsi="http://www.w3.org/2001/XMLSchema-instance" xsi:noNamespaceSchemaLocation="https://maven.apache.org/surefire/maven-surefire-plugin/xsd/surefire-test-report.xsd" name="com.travel.test.TestMyBatis" time="5.437" tests="3" errors="0" skipped="0" failures="0">
  <properties>
[...]
</properties>
  <testcase name="testLogin" classname="com.travel.test.TestMyBatis" time="1.444"/>
  <testcase name="testPage" classname="com.travel.test.TestMyBatis" time="0.088"/>
  <testcase name="testLogin1" classname="com.travel.test.TestMyBatis" time="0.008"/>
</testsuite>